<?xml version="1.0" encoding="UTF-8"?>
<testsuite xmlns:xsi="http://www.w3.org/2001/XMLSchema-instance" xsi:noNamespaceSchemaLocation="https://maven.apache.org/surefire/maven-surefire-plugin/xsd/surefire-test-report.xsd" version="3.0.2" name="com.vidasalud.bff.controller.GatewayProxyControllerAuthorizationTest" time="7.155" tests="3" errors="0" skipped="0" failures="0" flakes="0">
  <properties>
[...]
</properties>
  <testcase name="pacienteNoPuedeEscribirEnCatalogo" classname="com.vidasalud.bff.controller.GatewayProxyControllerAuthorizationTest" time="1.189">
    <system-out><![CDATA[22:06:15.522 [main] INFO org.springframework.test.context.support.AnnotationConfigContextLoaderUtils -- Could not detect default configuration classes for test class [com.vidasalud.bff.controller.GatewayProxyControllerAuthorizationTest]: GatewayProxyControllerAuthorizationTest does not declare any static, non-private, non-final, nested classes annotated with @Configuration.
22:06:15.792 [main] INFO org.springframework.boot.test.context.SpringBootTestContextBootstrapper -- Found @SpringBootConfiguration com.vidasalud.bff.MsVidasaludBffApplication for test class com.vidasalud.bff.controller.GatewayProxyControllerAuthorizationTest
22:06:15.980 [main] INFO org.springframework.test.context.support.AnnotationConfigContextLoaderUtils -- Could not detect default configuration classes for test class [com.vidasalud.bff.controller.GatewayProxyControllerAuthorizationTest]: GatewayProxyControllerAuthorizationTest does not declare any static, non-private, non-final, nested classes annotated with @Configuration.
22:06:15.989 [main] INFO org.springframework.boot.test.context.SpringBootTestContextBootstrapper -- Found @SpringBootConfiguration com.vidasalud.bff.MsVidasaludBffApplication for test class com.vidasalud.bff.controller.GatewayProxyControllerAuthorizationTest

  .   ____          _            __ _ _
 /\\ / ___'_ __ _ _(_)_ __  __ _ \ \ \ \
( ( )\___ | '_ | '_| | '_ \/ _` | \ \ \ \
 \\/  ___)| |_)| | | | | || (_| |  ) ) ) )
  '  |____| .__|_| |_|_| |_\__, | / / / /
 =========|_|==============|___/=/_/_/_/

 :: Spring Boot ::                (v4.1.1)

2026-09-24T22:06:16.608-03:00  INFO 88320 --- [ms-vidasalud-bff] [           main] .GatewayProxyControllerAuthorizationTest : Starting GatewayProxyControllerAuthorizationTest using Java 25.0.1 with PID 88320 (started by sinit in C:\Users\sinit\Desktop\VidaSalud\ms-vidasalud-bff)
2026-09-24T22:06:16.611-03:00  INFO 88320 --- [ms-vidasalud-bff] [           main] .GatewayProxyControllerAuthorizationTest : No active profile set, falling back to 1 default profile: "default"
2026-09-24T22:06:19.975-03:00  INFO 88320 --- [ms-vidasalud-bff] [           main] o.s.v.b.OptionalValidatorFactoryBean     : Failed to set up a Bean Validation provider: jakarta.validation.NoProviderFoundException: Unable to create a Configuration, because no Jakarta Validation provider could be found. Add a provider like Hibernate Validator (RI) to your classpath.
2026-09-24T22:06:20.664-03:00  INFO 88320 --- [ms-vidasalud-bff] [           main] o.s.b.t.m.w.SpringBootMockServletContext : Initializing Spring TestDispatcherServlet ''
2026-09-24T22:06:20.665-03:00  INFO 88320 --- [ms-vidasalud-bff] [           main] o.s.t.web.servlet.TestDispatcherServlet  : Initializing Servlet ''
2026-09-24T22:06:20.671-03:00  INFO 88320 --- [ms-vidasalud-bff] [           main] o.s.t.web.servlet.TestDispatcherServlet  : Completed initialization in 6 ms
2026-09-24T22:06:20.916-03:00  INFO 88320 --- [ms-vidasalud-bff] [           main] .GatewayProxyControllerAuthorizationTest : Started GatewayProxyControllerAuthorizationTest in 4.802 seconds (process running for 7.408)
]]></system-out>
    <system-err><![CDATA[Mockito is currently self-attaching to enable the inline-mock-maker. This will no longer work in future releases of the JDK. Please add Mockito as an agent to your build as described in Mockito's documentation: https://javadoc.io/doc/org.mockito/mockito-core/latest/org.mockito/org/mockito/Mockito.html#0.3
WARNING: A Java agent has been loaded dynamically (C:\Users\sinit\.m2\repository\net\bytebuddy\byte-buddy-agent\1.18.11\byte-buddy-agent-1.18.11.jar)
WARNING: If a serviceability tool is in use, please run with -XX:+EnableDynamicAgentLoading to hide this warning
WARNING: If a serviceability tool is not in use, please run with -Djdk.instrument.traceUsage for more information
WARNING: Dynamic loading of agents will be disallowed by default in a future release
]]></system-err>
  </testcase>
  <testcase name="pacientePuedeLeerCatalogo" classname="com.vidasalud.bff.controller.GatewayProxyControllerAuthorizationTest" time="0.132"/>
  <testcase name="soloAdminPuedeEliminarAtenciones" classname="com.vidasalud.bff.controller.GatewayProxyControllerAuthorizationTest" time="0.016"/>
</testsuite>